1602249625916	geckodriver	INFO	Listening on 127.0.0.1:65423
1602249629007	mozrunner::runner	INFO	Running command: "C:\\Program Files\\Mozilla Firefox\\firefox.exe" "--marionette" "-foreground" "-no-remote" "-profile" "C:\\Users\\WESLEY~1\\AppData\\Local\\Temp\\rust_mozprofiley17aOY"
JavaScript error: mozilla.cfg, line 32: ReferenceError: Components is not defined
JavaScript error: resource://gre/modules/XULStore.jsm, line 66: Error: Can't find profile directory.
console.error: SearchCache: "_readCacheFile: Error reading cache file:" (new Error("", "(unknown module)"))
1602249631196	Marionette	INFO	Listening on port 65431
console.error: Region.jsm: "Error fetching region" (new TypeError("NetworkError when attempting to fetch resource.", ""))
console.error: Region.jsm: "Failed to fetch region" (new Error("NO_RESULT", "resource://gre/modules/Region.jsm", 343))
1602249631686	Marionette	WARN	TLS certificate errors will be ignored for this session
1602249651658	Marionette	INFO	Stopped listening on port 65431

###!!! [Child][RunMessage] Error: Channel closing: too late to send/recv, messages will be lost


###!!! [Child][MessageChannel::SendAndWait] Error: Channel error: cannot send/recv

1602249658596	geckodriver	INFO	Listening on 127.0.0.1:65489
1602249661676	mozrunner::runner	INFO	Running command: "C:\\Program Files\\Mozilla Firefox\\firefox.exe" "--marionette" "-foreground" "-no-remote" "-profile" "C:\\Users\\WESLEY~1\\AppData\\Local\\Temp\\rust_mozprofile2VG3ep"
JavaScript error: mozilla.cfg, line 32: ReferenceError: Components is not defined
JavaScript error: resource://gre/modules/XULStore.jsm, line 66: Error: Can't find profile directory.
console.error: SearchCache: "_readCacheFile: Error reading cache file:" (new Error("", "(unknown module)"))
1602249663841	Marionette	INFO	Listening on port 65498
console.error: Region.jsm: "Error fetching region" (new TypeError("NetworkError when attempting to fetch resource.", ""))
console.error: Region.jsm: "Failed to fetch region" (new Error("NO_RESULT", "resource://gre/modules/Region.jsm", 343))
1602249664343	Marionette	WARN	TLS certificate errors will be ignored for this session
1602249863927	Marionette	INFO	Stopped listening on port 65498

###!!! [Child][RunMessage] Error: Channel closing: too late to send/recv, messages will be lost


###!!! [Child][MessageChannel::SendAndWait] Error: Channel error: cannot send/recv

l\\Temp\\rust_mozprofilezkuiN2"
JavaScript error: mozilla.cfg, line 32: ReferenceError: Components is not defined
JavaScript error: resource://gre/modules/XULStore.jsm, line 66: Error: Can't find profile directory.
console.error: SearchCache: "_readCacheFile: Error reading cache file:" (new Error("", "(unknown module)"))
1602249818439	Marionette	INFO	Listening on port 49226
1602249818504	Marionette	WARN	TLS certificate errors will be ignored for this session
SourceActor threw an exception: [Exception... "Component returned failure code: 0x80470002 (NS_BASE_STREAM_CLOSED) [nsIInputStream.available]"  nsresult: "0x80470002 (NS_BASE_STREAM_CLOSED)"  location: "JS frame :: resource://devtools/shared/DevToolsUtils.js :: onResponse :: line 560"  data: no]
Stack: onResponse@resource://devtools/shared/DevToolsUtils.js:560:34
onStopRequest@resource://gre/modules/NetUtil.jsm:128:18
Line: 560, column: 0
console.error: ({})
SourceActor threw an exception: Error: Failed to fetch https://www.instagram.com/bikeaventura/. Code 2153390067.
Stack: onResponse@resource://devtools/shared/DevToolsUtils.js:549:16
onStopRequest@resource://gre/modules/NetUtil.jsm:128:18
Line: 549, column: 16
console.error: (new Error("Failed to fetch https://www.instagram.com/bikeaventura/. Code 2153390067.", "resource://devtools/shared/DevToolsUtils.js", 549))
JavaScript error: resource://devtools/shared/DevToolsUtils.js, line 560: NS_BASE_STREAM_CLOSED: Component returned failure code: 0x80470002 (NS_BASE_STREAM_CLOSED) [nsIInputStream.available]
JavaScript error: resource://devtools/shared/DevToolsUtils.js, line 549: Error: Failed to fetch https://www.instagram.com/bikeaventura/. Code 2153390067.
1602250100615	Marionette	INFO	Stopped listening on port 49226

###!!! [Child][MessageChannel::SendAndWait] Error: Channel error: cannot send/recv

firefox.exe" "--marionette" "-foreground" "-no-remote" "-profile" "C:\\Users\\WESLEY~1\\AppData\\Local\\Temp\\rust_mozprofileRScYti"
JavaScript error: mozilla.cfg, line 32: ReferenceError: Components is not defined
JavaScript error: resource://gre/modules/XULStore.jsm, line 66: Error: Can't find profile directory.
console.error: SearchCache: "_readCacheFile: Error reading cache file:" (new Error("", "(unknown module)"))
1602249896113	Marionette	INFO	Listening on port 49303
console.error: Region.jsm: "Error fetching region" (new TypeError("NetworkError when attempting to fetch resource.", ""))
console.error: Region.jsm: "Failed to fetch region" (new Error("NO_RESULT", "resource://gre/modules/Region.jsm", 343))
1602249896552	Marionette	WARN	TLS certificate errors will be ignored for this session
1602250104794	Marionette	INFO	Stopped listening on port 49303

###!!! [Child][RunMessage] Error: Channel closing: too late to send/recv, messages will be lost


###!!! [Child][MessageChannel::SendAndWait] Error: Channel error: cannot send/recv

l\\Temp\\rust_mozprofileG5J4Hg"
JavaScript error: mozilla.cfg, line 32: ReferenceError: Components is not defined
JavaScript error: resource://gre/modules/XULStore.jsm, line 66: Error: Can't find profile directory.
console.error: SearchCache: "_readCacheFile: Error reading cache file:" (new Error("", "(unknown module)"))
1602250087623	Marionette	INFO	Listening on port 49405
1602250087651	Marionette	WARN	TLS certificate errors will be ignored for this session
SourceActor threw an exception: [Exception... "Component returned failure code: 0x80470002 (NS_BASE_STREAM_CLOSED) [nsIInputStream.available]"  nsresult: "0x80470002 (NS_BASE_STREAM_CLOSED)"  location: "JS frame :: resource://devtools/shared/DevToolsUtils.js :: onResponse :: line 560"  data: no]
Stack: onResponse@resource://devtools/shared/DevToolsUtils.js:560:34
onStopRequest@resource://gre/modules/NetUtil.jsm:128:18
Line: 560, column: 0
console.error: ({})
SourceActor threw an exception: Error: Failed to fetch https://www.instagram.com/bikeaventura/. Code 2153390067.
Stack: onResponse@resource://devtools/shared/DevToolsUtils.js:549:16
onStopRequest@resource://gre/modules/NetUtil.jsm:128:18
Line: 549, column: 16
console.error: (new Error("Failed to fetch https://www.instagram.com/bikeaventura/. Code 2153390067.", "resource://devtools/shared/DevToolsUtils.js", 549))
JavaScript error: resource://devtools/shared/DevToolsUtils.js, line 560: NS_BASE_STREAM_CLOSED: Component returned failure code: 0x80470002 (NS_BASE_STREAM_CLOSED) [nsIInputStream.available]
JavaScript error: resource://devtools/shared/DevToolsUtils.js, line 549: Error: Failed to fetch https://www.instagram.com/bikeaventura/. Code 2153390067.
1602250275615	Marionette	INFO	Stopped listening on port 49405

###!!! [Child][RunMessage] Error: Channel closing: too late to send/recv, messages will be lost


###!!! [Child][MessageChannel::SendAndWait] Error: Channel error: cannot send/recv

l\\Temp\\rust_mozprofilew9mEu1"
JavaScript error: mozilla.cfg, line 32: ReferenceError: Components is not defined
JavaScript error: resource://gre/modules/XULStore.jsm, line 66: Error: Can't find profile directory.
console.error: SearchCache: "_readCacheFile: Error reading cache file:" (new Error("", "(unknown module)"))
JavaScript error: resource://activity-stream/lib/PlacesFeed.jsm, line 244: NS_ERROR_ILLEGAL_VALUE: Component returned failure code: 0x80070057 (NS_ERROR_ILLEGAL_VALUE) [nsINavHistoryService.removeObserver]
console.warn: SearchService: "_init: abandoning init due to shutting down"
JavaScript error: , line 0: uncaught exception: 2147500036
JavaScript error: , line 0: uncaught exception: 2147500036
JavaScript error: , line 0: uncaught exception: 2147500036
JavaScript error: , line 0: uncaught exception: 2147500036
JavaScript error: , line 0: uncaught exception: 2147500036
console.error: Region.jsm: "Error fetching region" (new TypeError("NetworkError when attempting to fetch resource.", ""))
console.error: Region.jsm: "Failed to fetch region" (new Error("NO_RESULT", "resource://gre/modules/Region.jsm", 343))
console.error: (new Error("Connection closed before committing the transaction.", "resource://gre/modules/Sqlite.jsm", 688))

###!!! [Child][MessageChannel::SendAndWait] Error: Channel error: cannot send/recv

1602250276706	geckodriver	INFO	Listening on 127.0.0.1:49527
1602250279810	mozrunner::runner	INFO	Running command: "C:\\Program Files\\Mozilla Firefox\\firefox.exe" "--marionette" "-foreground" "-no-remote" "-profile" "C:\\Users\\WESLEY~1\\AppData\\Local\\Temp\\rust_mozprofilel4QDo7"
JavaScript error: mozilla.cfg, line 32: ReferenceError: Components is not defined
JavaScript error: resource://gre/modules/XULStore.jsm, line 66: Error: Can't find profile directory.
console.error: SearchCache: "_readCacheFile: Error reading cache file:" (new Error("", "(unknown module)"))
1602250281881	Marionette	INFO	Listening on port 49535
1602250281960	Marionette	WARN	TLS certificate errors will be ignored for this session
1602250494128	Marionette	INFO	Stopped listening on port 49535

###!!! [Child][RunMessage] Error: Channel closing: too late to send/recv, messages will be lost


###!!! [Child][MessageChannel::SendAndWait] Error: Channel error: cannot send/recv

1602250921992	geckodriver	INFO	Listening on 127.0.0.1:50004
1602250925070	mozrunner::runner	INFO	Running command: "C:\\Program Files\\Mozilla Firefox\\firefox.exe" "--marionette" "-foreground" "-no-remote" "-profile" "C:\\Users\\WESLEY~1\\AppData\\Local\\Temp\\rust_mozprofileEUyMoj"
JavaScript error: mozilla.cfg, line 32: ReferenceError: Components is not defined
JavaScript error: resource://gre/modules/XULStore.jsm, line 66: Error: Can't find profile directory.
console.error: SearchCache: "_readCacheFile: Error reading cache file:" (new Error("", "(unknown module)"))
1602250927278	Marionette	INFO	Listening on port 50016
console.error: Region.jsm: "Error fetching region" (new TypeError("NetworkError when attempting to fetch resource.", ""))
console.error: Region.jsm: "Failed to fetch region" (new Error("NO_RESULT", "resource://gre/modules/Region.jsm", 343))
1602250927721	Marionette	WARN	TLS certificate errors will be ignored for this session
1602251045748	Marionette	INFO	Stopped listening on port 50016

###!!! [Child][MessageChannel::SendAndWait] Error: Channel error: cannot send/recv

1602251352181	geckodriver	INFO	Listening on 127.0.0.1:50283
1602251355272	mozrunner::runner	INFO	Running command: "C:\\Program Files\\Mozilla Firefox\\firefox.exe" "--marionette" "-foreground" "-no-remote" "-profile" "C:\\Users\\WESLEY~1\\AppData\\Local\\Temp\\rust_mozprofilePy3VYL"
JavaScript error: mozilla.cfg, line 32: ReferenceError: Components is not defined
JavaScript error: resource://gre/modules/XULStore.jsm, line 66: Error: Can't find profile directory.
console.error: SearchCache: "_readCacheFile: Error reading cache file:" (new Error("", "(unknown module)"))
1602251357364	Marionette	INFO	Listening on port 50292
1602251357412	Marionette	WARN	TLS certificate errors will be ignored for this session
1602251986179	addons.xpi	ERROR	System addon update list error Error: Failed downloading XML, status: 0, reason: error
1602252913075	Marionette	INFO	Stopped listening on port 50292

###!!! [Child][MessageChannel::SendAndWait] Error: Channel error: cannot send/recv

rofileotFKlL"
JavaScript error: mozilla.cfg, line 32: ReferenceError: Components is not defined
JavaScript error: resource://gre/modules/XULStore.jsm, line 66: Error: Can't find profile directory.
console.error: SearchCache: "_readCacheFile: Error reading cache file:" (new Error("", "(unknown module)"))
1602251704358	Marionette	INFO	Listening on port 50560
1602251704850	Marionette	WARN	TLS certificate errors will be ignored for this session
SourceActor threw an exception: [Exception... "Component returned failure code: 0x80470002 (NS_BASE_STREAM_CLOSED) [nsIInputStream.available]"  nsresult: "0x80470002 (NS_BASE_STREAM_CLOSED)"  location: "JS frame :: resource://devtools/shared/DevToolsUtils.js :: onResponse :: line 560"  data: no]
Stack: onResponse@resource://devtools/shared/DevToolsUtils.js:560:34
onStopRequest@resource://gre/modules/NetUtil.jsm:128:18
Line: 560, column: 0
console.error: ({})
JavaScript error: resource://devtools/shared/DevToolsUtils.js, line 560: NS_BASE_STREAM_CLOSED: Component returned failure code: 0x80470002 (NS_BASE_STREAM_CLOSED) [nsIInputStream.available]
1602253345270	Marionette	INFO	Stopped listening on port 50560

###!!! [Child][RunMessage] Error: Channel closing: too late to send/recv, messages will be lost


###!!! [Child][MessageChannel::SendAndWait] Error: Channel error: cannot send/recv

